#! /c/Source/iverilog-install/bin/vvp
:ivl_version "12.0 (devel)" "(s20150603-1539-g2693dd32b)";
:ivl_delay_selection "TYPICAL";
:vpi_time_precision + 0;
:vpi_module "C:\iverilog\lib\ivl\system.vpi";
:vpi_module "C:\iverilog\lib\ivl\vhdl_sys.vpi";
:vpi_module "C:\iverilog\lib\ivl\vhdl_textio.vpi";
:vpi_module "C:\iverilog\lib\ivl\v2005_math.vpi";
:vpi_module "C:\iverilog\lib\ivl\va_math.vpi";
:vpi_module "C:\iverilog\lib\ivl\v2009.vpi";
S_000001d6fe8f6b20 .scope package, "$unit" "$unit" 2 1;
 .timescale 0 0;
S_000001d6fe90e150 .scope module, "ALUASrcMux_tb" "ALUASrcMux_tb" 3 1;
 .timescale 0 0;
v000001d6fe90e510_0 .net/s "a", 31 0, v000001d6fe8fe7f0_0;  1 drivers
v000001d6fe903ec0_0 .var/i "errors", 31 0;
v000001d6fe903f60_0 .var/s "pc", 31 0;
v000001d6fe904000_0 .var/s "ru_rs1", 31 0;
v000001d6fe9040a0_0 .var "sel", 0 0;
v000001d6fe904140_0 .var/i "tests", 31 0;
S_000001d6fe90e2e0 .scope task, "check_result" "check_result" 3 27, 3 27 0, S_000001d6fe90e150;
 .timescale 0 0;
v000001d6fe7eab10_0 .var "expected", 31 0;
v000001d6fe8d3120_0 .var "pc_val", 31 0;
v000001d6fe7ea060_0 .var "rs1_val", 31 0;
v000001d6fe8f6cb0_0 .var "sel_val", 0 0;
v000001d6fe900ef0_0 .var/str "test_name";
TD_ALUASrcMux_tb.check_result ;
    ; show_stmt_assign_vector: Get l-value for compressed += operand
    %load/vec4 v000001d6fe904140_0;
    %pushi/vec4 1, 0, 32;
    %add;
    %store/vec4 v000001d6fe904140_0, 0, 32;
    %load/vec4 v000001d6fe7ea060_0;
    %store/vec4 v000001d6fe904000_0, 0, 32;
    %load/vec4 v000001d6fe8d3120_0;
    %store/vec4 v000001d6fe903f60_0, 0, 32;
    %load/vec4 v000001d6fe8f6cb0_0;
    %store/vec4 v000001d6fe9040a0_0, 0, 1;
    %delay 10, 0;
    %vpi_call/w 3 34 "$display", "Test %0d: %s", v000001d6fe904140_0, v000001d6fe900ef0_0 {0 0 0};
    %vpi_call/w 3 35 "$display", "  ru_rs1   = 0x%h", v000001d6fe7ea060_0 {0 0 0};
    %vpi_call/w 3 36 "$display", "  pc       = 0x%h", v000001d6fe8d3120_0 {0 0 0};
    %load/vec4 v000001d6fe8f6cb0_0;
    %flag_set/vec4 8;
    %jmp/0 T_0.0, 8;
    %pushi/vec4 0, 0, 32; draw_string_vec4
    %pushi/vec4 20547, 0, 16; draw_string_vec4
    %concat/vec4; draw_string_vec4
    %jmp/1 T_0.1, 8;
T_0.0 ; End of true expr.
    %pushi/vec4 1920294770, 0, 32; draw_string_vec4
    %pushi/vec4 29489, 0, 16; draw_string_vec4
    %concat/vec4; draw_string_vec4
    %jmp/0 T_0.1, 8;
 ; End of false expr.
    %blend;
T_0.1;
    %vpi_call/w 3 37 "$display", "  SEL      = %b (%s)", v000001d6fe8f6cb0_0, S<0,vec4,u48> {1 0 0};
    %vpi_call/w 3 38 "$display", "  Esperado = 0x%h", v000001d6fe7eab10_0 {0 0 0};
    %vpi_call/w 3 39 "$display", "  Obtenido = 0x%h", v000001d6fe90e510_0 {0 0 0};
    %load/vec4 v000001d6fe90e510_0;
    %load/vec4 v000001d6fe7eab10_0;
    %cmp/ne;
    %jmp/0xz  T_0.2, 6;
    %vpi_call/w 3 41 "$display", "  ERROR: No coincide" {0 0 0};
    ; show_stmt_assign_vector: Get l-value for compressed += operand
    %load/vec4 v000001d6fe903ec0_0;
    %pushi/vec4 1, 0, 32;
    %add;
    %store/vec4 v000001d6fe903ec0_0, 0, 32;
    %jmp T_0.3;
T_0.2 ;
    %vpi_call/w 3 44 "$display", "  OK" {0 0 0};
T_0.3 ;
    %vpi_call/w 3 46 "$display", "\000" {0 0 0};
    %end;
S_000001d6fe903d30 .scope module, "dut" "ALUASrcMux" 3 9, 4 1 0, S_000001d6fe90e150;
 .timescale 0 0;
    .port_info 0 /INPUT 32 "ru_rs1";
    .port_info 1 /INPUT 32 "pc";
    .port_info 2 /INPUT 1 "sel";
    .port_info 3 /OUTPUT 32 "a";
v000001d6fe8fe7f0_0 .var/s "a", 31 0;
v000001d6fe8f4a20_0 .net/s "pc", 31 0, v000001d6fe903f60_0;  1 drivers
v000001d6fe8f4ac0_0 .net/s "ru_rs1", 31 0, v000001d6fe904000_0;  1 drivers
v000001d6fe90e470_0 .net "sel", 0 0, v000001d6fe9040a0_0;  1 drivers
E_000001d6fe8f97d0 .event anyedge, v000001d6fe90e470_0, v000001d6fe8f4a20_0, v000001d6fe8f4ac0_0;
    .scope S_000001d6fe903d30;
T_1 ;
    %wait E_000001d6fe8f97d0;
    %load/vec4 v000001d6fe90e470_0;
    %flag_set/vec4 8;
    %jmp/0xz  T_1.0, 8;
    %load/vec4 v000001d6fe8f4a20_0;
    %store/vec4 v000001d6fe8fe7f0_0, 0, 32;
    %jmp T_1.1;
T_1.0 ;
    %load/vec4 v000001d6fe8f4ac0_0;
    %store/vec4 v000001d6fe8fe7f0_0, 0, 32;
T_1.1 ;
    %jmp T_1;
    .thread T_1, $push;
    .scope S_000001d6fe90e150;
T_2 ;
    %pushi/vec4 0, 0, 32;
    %store/vec4 v000001d6fe903ec0_0, 0, 32;
    %pushi/vec4 0, 0, 32;
    %store/vec4 v000001d6fe904140_0, 0, 32;
    %end;
    .thread T_2, $init;
    .scope S_000001d6fe90e150;
T_3 ;
    %vpi_call/w 3 22 "$dumpfile", "sim/ALUASrcMux_tb.vcd" {0 0 0};
    %vpi_call/w 3 23 "$dumpvars", 32'sb00000000000000000000000000000000, S_000001d6fe90e150 {0 0 0};
    %end;
    .thread T_3;
    .scope S_000001d6fe90e150;
T_4 ;
    %pushi/vec4 0, 0, 32;
    %store/vec4 v000001d6fe904000_0, 0, 32;
    %pushi/vec4 0, 0, 32;
    %store/vec4 v000001d6fe903f60_0, 0, 32;
    %pushi/vec4 0, 0, 1;
    %store/vec4 v000001d6fe9040a0_0, 0, 1;
    %vpi_call/w 3 55 "$display", "========================================" {0 0 0};
    %vpi_call/w 3 56 "$display", "=== Iniciando simulacion ALUASrcMux ===" {0 0 0};
    %vpi_call/w 3 57 "$display", "========================================\012" {0 0 0};
    %delay 10, 0;
    %vpi_call/w 3 62 "$display", "========== Test 1: Seleccionar ru_rs1 ==========" {0 0 0};
    %pushi/vec4 10, 0, 32;
    %store/vec4 v000001d6fe7ea060_0, 0, 32;
    %pushi/vec4 256, 0, 32;
    %store/vec4 v000001d6fe8d3120_0, 0, 32;
    %pushi/vec4 0, 0, 1;
    %store/vec4 v000001d6fe8f6cb0_0, 0, 1;
    %pushi/vec4 10, 0, 32;
    %store/vec4 v000001d6fe7eab10_0, 0, 32;
    %pushi/str "Usar ru_rs1";
    %store/str v000001d6fe900ef0_0;
    %fork TD_ALUASrcMux_tb.check_result, S_000001d6fe90e2e0;
    %join;
    %vpi_call/w 3 66 "$display", "========== Test 2: Seleccionar pc ==========" {0 0 0};
    %pushi/vec4 10, 0, 32;
    %store/vec4 v000001d6fe7ea060_0, 0, 32;
    %pushi/vec4 256, 0, 32;
    %store/vec4 v000001d6fe8d3120_0, 0, 32;
    %pushi/vec4 1, 0, 1;
    %store/vec4 v000001d6fe8f6cb0_0, 0, 1;
    %pushi/vec4 256, 0, 32;
    %store/vec4 v000001d6fe7eab10_0, 0, 32;
    %pushi/str "Usar pc";
    %store/str v000001d6fe900ef0_0;
    %fork TD_ALUASrcMux_tb.check_result, S_000001d6fe90e2e0;
    %join;
    %vpi_call/w 3 70 "$display", "========== Test 3: ru_rs1 negativo ==========" {0 0 0};
    %pushi/vec4 4294967280, 0, 32;
    %store/vec4 v000001d6fe7ea060_0, 0, 32;
    %pushi/vec4 512, 0, 32;
    %store/vec4 v000001d6fe8d3120_0, 0, 32;
    %pushi/vec4 0, 0, 1;
    %store/vec4 v000001d6fe8f6cb0_0, 0, 1;
    %pushi/vec4 4294967280, 0, 32;
    %store/vec4 v000001d6fe7eab10_0, 0, 32;
    %pushi/str "Usar ru_rs1 negativo";
    %store/str v000001d6fe900ef0_0;
    %fork TD_ALUASrcMux_tb.check_result, S_000001d6fe90e2e0;
    %join;
    %vpi_call/w 3 74 "$display", "========== Test 4: pc valor tipico ==========" {0 0 0};
    %pushi/vec4 80, 0, 32;
    %store/vec4 v000001d6fe7ea060_0, 0, 32;
    %pushi/vec4 4096, 0, 32;
    %store/vec4 v000001d6fe8d3120_0, 0, 32;
    %pushi/vec4 1, 0, 1;
    %store/vec4 v000001d6fe8f6cb0_0, 0, 1;
    %pushi/vec4 4096, 0, 32;
    %store/vec4 v000001d6fe7eab10_0, 0, 32;
    %pushi/str "Usar pc tipico";
    %store/str v000001d6fe900ef0_0;
    %fork TD_ALUASrcMux_tb.check_result, S_000001d6fe90e2e0;
    %join;
    %vpi_call/w 3 78 "$display", "========== Test 5: ru_rs1 valor grande ==========" {0 0 0};
    %pushi/vec4 2147483647, 0, 32;
    %store/vec4 v000001d6fe7ea060_0, 0, 32;
    %pushi/vec4 4, 0, 32;
    %store/vec4 v000001d6fe8d3120_0, 0, 32;
    %pushi/vec4 0, 0, 1;
    %store/vec4 v000001d6fe8f6cb0_0, 0, 1;
    %pushi/vec4 2147483647, 0, 32;
    %store/vec4 v000001d6fe7eab10_0, 0, 32;
    %pushi/str "Usar ru_rs1 grande";
    %store/str v000001d6fe900ef0_0;
    %fork TD_ALUASrcMux_tb.check_result, S_000001d6fe90e2e0;
    %join;
    %vpi_call/w 3 82 "$display", "========== Test 6: pc valor grande ==========" {0 0 0};
    %pushi/vec4 32, 0, 32;
    %store/vec4 v000001d6fe7ea060_0, 0, 32;
    %pushi/vec4 268435440, 0, 32;
    %store/vec4 v000001d6fe8d3120_0, 0, 32;
    %pushi/vec4 1, 0, 1;
    %store/vec4 v000001d6fe8f6cb0_0, 0, 1;
    %pushi/vec4 268435440, 0, 32;
    %store/vec4 v000001d6fe7eab10_0, 0, 32;
    %pushi/str "Usar pc grande";
    %store/str v000001d6fe900ef0_0;
    %fork TD_ALUASrcMux_tb.check_result, S_000001d6fe90e2e0;
    %join;
    %vpi_call/w 3 86 "$display", "========== Test 7: ru_rs1 cero ==========" {0 0 0};
    %pushi/vec4 0, 0, 32;
    %store/vec4 v000001d6fe7ea060_0, 0, 32;
    %pushi/vec4 1280, 0, 32;
    %store/vec4 v000001d6fe8d3120_0, 0, 32;
    %pushi/vec4 0, 0, 1;
    %store/vec4 v000001d6fe8f6cb0_0, 0, 1;
    %pushi/vec4 0, 0, 32;
    %store/vec4 v000001d6fe7eab10_0, 0, 32;
    %pushi/str "Usar ru_rs1 cero";
    %store/str v000001d6fe900ef0_0;
    %fork TD_ALUASrcMux_tb.check_result, S_000001d6fe90e2e0;
    %join;
    %vpi_call/w 3 90 "$display", "========== Test 8: pc desde inicio ==========" {0 0 0};
    %pushi/vec4 305419896, 0, 32;
    %store/vec4 v000001d6fe7ea060_0, 0, 32;
    %pushi/vec4 0, 0, 32;
    %store/vec4 v000001d6fe8d3120_0, 0, 32;
    %pushi/vec4 1, 0, 1;
    %store/vec4 v000001d6fe8f6cb0_0, 0, 1;
    %pushi/vec4 0, 0, 32;
    %store/vec4 v000001d6fe7eab10_0, 0, 32;
    %pushi/str "Usar pc cero";
    %store/str v000001d6fe900ef0_0;
    %fork TD_ALUASrcMux_tb.check_result, S_000001d6fe90e2e0;
    %join;
    %vpi_call/w 3 94 "$display", "========================================" {0 0 0};
    %vpi_call/w 3 95 "$display", "=== Resumen de la simulacion ===" {0 0 0};
    %vpi_call/w 3 96 "$display", "Tests ejecutados: %0d", v000001d6fe904140_0 {0 0 0};
    %load/vec4 v000001d6fe904140_0;
    %load/vec4 v000001d6fe903ec0_0;
    %sub;
    %vpi_call/w 3 97 "$display", "Tests exitosos: %0d", S<0,vec4,s32> {1 0 0};
    %vpi_call/w 3 98 "$display", "Errores: %0d", v000001d6fe903ec0_0 {0 0 0};
    %vpi_call/w 3 99 "$display", "========================================" {0 0 0};
    %load/vec4 v000001d6fe903ec0_0;
    %cmpi/e 0, 0, 32;
    %jmp/0xz  T_4.0, 4;
    %vpi_call/w 3 102 "$display", "Todos los tests pasaron exitosamente" {0 0 0};
    %jmp T_4.1;
T_4.0 ;
    %vpi_call/w 3 104 "$display", "Se encontraron %0d errores", v000001d6fe903ec0_0 {0 0 0};
T_4.1 ;
    %vpi_call/w 3 106 "$finish" {0 0 0};
    %end;
    .thread T_4;
# The file index is used to find the file name in the following table.
:file_names 5;
    "N/A";
    "<interactive>";
    "-";
    "tb/ALUASrcMux_tb.sv";
    "src/ALUASrcMux.sv";
