#! /c/Source/iverilog-install/bin/vvp
:ivl_version "12.0 (devel)" "(s20150603-1539-g2693dd32b)";
:ivl_delay_selection "TYPICAL";
:vpi_time_precision - 12;
:vpi_module "C:\iverilog\lib\ivl\system.vpi";
:vpi_module "C:\iverilog\lib\ivl\vhdl_sys.vpi";
:vpi_module "C:\iverilog\lib\ivl\vhdl_textio.vpi";
:vpi_module "C:\iverilog\lib\ivl\v2005_math.vpi";
:vpi_module "C:\iverilog\lib\ivl\va_math.vpi";
:vpi_module "C:\iverilog\lib\ivl\v2009.vpi";
S_000001f5c102b860 .scope package, "$unit" "$unit" 2 1;
 .timescale 0 0;
S_000001f5c102bcf0 .scope module, "ImmGenerator_tb" "ImmGenerator_tb" 3 3;
 .timescale -9 -12;
v000001f5c1141980_0 .var/s "ImmSrc", 2 0;
v000001f5c1141a20_0 .net/s "Imm_ext", 31 0, v000001f5c1141590_0;  1 drivers
v000001f5c1141ac0_0 .var/i "errors", 31 0;
v000001f5c1112d40_0 .var/s "expected", 31 0;
v000001f5c1112de0_0 .var/s "instruction", 31 0;
v000001f5c1112e80_0 .var/i "tests", 31 0;
S_000001f5c113b240 .scope task, "check_result" "check_result" 3 28, 3 28 0, S_000001f5c102bcf0;
 .timescale -9 -12;
v000001f5c113ae30_0 .var/s "exp", 31 0;
v000001f5c102c4f0_0 .var/str "test_name";
TD_ImmGenerator_tb.check_result ;
    ; show_stmt_assign_vector: Get l-value for compressed += operand
    %load/vec4 v000001f5c1112e80_0;
    %pushi/vec4 1, 0, 32;
    %add;
    %store/vec4 v000001f5c1112e80_0, 0, 32;
    %delay 1000, 0;
    %load/vec4 v000001f5c1141a20_0;
    %load/vec4 v000001f5c113ae30_0;
    %cmp/ne;
    %jmp/0xz  T_0.0, 6;
    %vpi_call/w 3 32 "$display", "   ERROR: %s", v000001f5c102c4f0_0 {0 0 0};
    %vpi_call/w 3 33 "$display", "   ImmSrc:      0x%h (%03b)", v000001f5c1141980_0, v000001f5c1141980_0 {0 0 0};
    %vpi_call/w 3 34 "$display", "   Instruction: 0x%h", v000001f5c1112de0_0 {0 0 0};
    %vpi_call/w 3 35 "$display", "   Expected:    0x%h (%0d)", v000001f5c113ae30_0, v000001f5c113ae30_0 {0 0 0};
    %vpi_call/w 3 36 "$display", "   Got:         0x%h (%0d)", v000001f5c1141a20_0, v000001f5c1141a20_0 {0 0 0};
    ; show_stmt_assign_vector: Get l-value for compressed += operand
    %load/vec4 v000001f5c1141ac0_0;
    %pushi/vec4 1, 0, 32;
    %add;
    %store/vec4 v000001f5c1141ac0_0, 0, 32;
    %jmp T_0.1;
T_0.0 ;
    %vpi_call/w 3 39 "$display", "   PASS: %s", v000001f5c102c4f0_0 {0 0 0};
    %vpi_call/w 3 40 "$display", "   ImmSrc: %03b, Imm_ext = 0x%h (%0d)", v000001f5c1141980_0, v000001f5c1141a20_0, v000001f5c1141a20_0 {0 0 0};
T_0.1 ;
    %vpi_call/w 3 42 "$display", "\000" {0 0 0};
    %end;
S_000001f5c1141400 .scope module, "uut" "ImmGenerator" 3 11, 4 1 0, S_000001f5c102bcf0;
 .timescale -9 -12;
    .port_info 0 /INPUT 3 "ImmSrc";
    .port_info 1 /INPUT 32 "instruction";
    .port_info 2 /OUTPUT 32 "Imm_ext";
v000001f5c102c590_0 .net/s "ImmSrc", 2 0, v000001f5c1141980_0;  1 drivers
v000001f5c1141590_0 .var/s "Imm_ext", 31 0;
v000001f5c11418e0_0 .net/s "instruction", 31 0, v000001f5c1112de0_0;  1 drivers
E_000001f5c1139fa0 .event anyedge, v000001f5c102c590_0, v000001f5c11418e0_0;
    .scope S_000001f5c1141400;
T_1 ;
    %wait E_000001f5c1139fa0;
    %load/vec4 v000001f5c102c590_0;
    %dup/vec4;
    %pushi/vec4 0, 0, 3;
    %cmp/u;
    %jmp/1 T_1.0, 6;
    %dup/vec4;
    %pushi/vec4 1, 0, 3;
    %cmp/u;
    %jmp/1 T_1.1, 6;
    %dup/vec4;
    %pushi/vec4 5, 0, 3;
    %cmp/u;
    %jmp/1 T_1.2, 6;
    %dup/vec4;
    %pushi/vec4 2, 0, 3;
    %cmp/u;
    %jmp/1 T_1.3, 6;
    %dup/vec4;
    %pushi/vec4 6, 0, 3;
    %cmp/u;
    %jmp/1 T_1.4, 6;
    %pushi/vec4 0, 0, 32;
    %store/vec4 v000001f5c1141590_0, 0, 32;
    %jmp T_1.6;
T_1.0 ;
    %load/vec4 v000001f5c11418e0_0;
    %parti/s 1, 31, 6;
    %replicate 20;
    %load/vec4 v000001f5c11418e0_0;
    %parti/s 12, 20, 6;
    %concat/vec4; draw_concat_vec4
    %store/vec4 v000001f5c1141590_0, 0, 32;
    %jmp T_1.6;
T_1.1 ;
    %load/vec4 v000001f5c11418e0_0;
    %parti/s 1, 31, 6;
    %replicate 20;
    %load/vec4 v000001f5c11418e0_0;
    %parti/s 7, 25, 6;
    %concat/vec4; draw_concat_vec4
    %load/vec4 v000001f5c11418e0_0;
    %parti/s 5, 7, 4;
    %concat/vec4; draw_concat_vec4
    %store/vec4 v000001f5c1141590_0, 0, 32;
    %jmp T_1.6;
T_1.2 ;
    %load/vec4 v000001f5c11418e0_0;
    %parti/s 1, 31, 6;
    %replicate 19;
    %load/vec4 v000001f5c11418e0_0;
    %parti/s 1, 31, 6;
    %concat/vec4; draw_concat_vec4
    %load/vec4 v000001f5c11418e0_0;
    %parti/s 1, 7, 4;
    %concat/vec4; draw_concat_vec4
    %load/vec4 v000001f5c11418e0_0;
    %parti/s 6, 25, 6;
    %concat/vec4; draw_concat_vec4
    %load/vec4 v000001f5c11418e0_0;
    %parti/s 4, 8, 5;
    %concat/vec4; draw_concat_vec4
    %concati/vec4 0, 0, 1;
    %store/vec4 v000001f5c1141590_0, 0, 32;
    %jmp T_1.6;
T_1.3 ;
    %load/vec4 v000001f5c11418e0_0;
    %parti/s 20, 12, 5;
    %concati/vec4 0, 0, 12;
    %store/vec4 v000001f5c1141590_0, 0, 32;
    %jmp T_1.6;
T_1.4 ;
    %load/vec4 v000001f5c11418e0_0;
    %parti/s 1, 31, 6;
    %replicate 11;
    %load/vec4 v000001f5c11418e0_0;
    %parti/s 1, 31, 6;
    %concat/vec4; draw_concat_vec4
    %load/vec4 v000001f5c11418e0_0;
    %parti/s 8, 12, 5;
    %concat/vec4; draw_concat_vec4
    %load/vec4 v000001f5c11418e0_0;
    %parti/s 1, 20, 6;
    %concat/vec4; draw_concat_vec4
    %load/vec4 v000001f5c11418e0_0;
    %parti/s 10, 21, 6;
    %concat/vec4; draw_concat_vec4
    %concati/vec4 0, 0, 1;
    %store/vec4 v000001f5c1141590_0, 0, 32;
    %jmp T_1.6;
T_1.6 ;
    %pop/vec4 1;
    %jmp T_1;
    .thread T_1, $push;
    .scope S_000001f5c102bcf0;
T_2 ;
    %pushi/vec4 0, 0, 32;
    %store/vec4 v000001f5c1141ac0_0, 0, 32;
    %pushi/vec4 0, 0, 32;
    %store/vec4 v000001f5c1112e80_0, 0, 32;
    %end;
    .thread T_2, $init;
    .scope S_000001f5c102bcf0;
T_3 ;
    %vpi_call/w 3 23 "$dumpfile", "sim/ImmGenerator_tb.vcd" {0 0 0};
    %vpi_call/w 3 24 "$dumpvars", 32'sb00000000000000000000000000000000, S_000001f5c102bcf0 {0 0 0};
    %end;
    .thread T_3;
    .scope S_000001f5c102bcf0;
T_4 ;
    %vpi_call/w 3 46 "$display", "\012========================================" {0 0 0};
    %vpi_call/w 3 47 "$display", "  ImmGenerator Testbench" {0 0 0};
    %vpi_call/w 3 48 "$display", "========================================\012" {0 0 0};
    %pushi/vec4 0, 0, 3;
    %store/vec4 v000001f5c1141980_0, 0, 3;
    %pushi/vec4 104923283, 0, 32;
    %store/vec4 v000001f5c1112de0_0, 0, 32;
    %pushi/vec4 100, 0, 32;
    %store/vec4 v000001f5c1112d40_0, 0, 32;
    %delay 10000, 0;
    %pushi/str "Test 1: I-type positive (imm=100)";
    %store/str v000001f5c102c4f0_0;
    %load/vec4 v000001f5c1112d40_0;
    %store/vec4 v000001f5c113ae30_0, 0, 32;
    %fork TD_ImmGenerator_tb.check_result, S_000001f5c113b240;
    %join;
    %pushi/vec4 0, 0, 3;
    %store/vec4 v000001f5c1141980_0, 0, 3;
    %pushi/vec4 4282655619, 0, 32;
    %store/vec4 v000001f5c1112de0_0, 0, 32;
    %pushi/vec4 4294967284, 0, 32;
    %store/vec4 v000001f5c1112d40_0, 0, 32;
    %delay 10000, 0;
    %pushi/str "Test 2: I-type negative (imm=-12)";
    %store/str v000001f5c102c4f0_0;
    %load/vec4 v000001f5c1112d40_0;
    %store/vec4 v000001f5c113ae30_0, 0, 32;
    %fork TD_ImmGenerator_tb.check_result, S_000001f5c113b240;
    %join;
    %pushi/vec4 1, 0, 3;
    %store/vec4 v000001f5c1141980_0, 0, 3;
    %pushi/vec4 11938339, 0, 32;
    %store/vec4 v000001f5c1112de0_0, 0, 32;
    %pushi/vec4 20, 0, 32;
    %store/vec4 v000001f5c1112d40_0, 0, 32;
    %delay 10000, 0;
    %pushi/str "Test 3: S-type positive (imm=20)";
    %store/str v000001f5c102c4f0_0;
    %load/vec4 v000001f5c1112d40_0;
    %store/vec4 v000001f5c113ae30_0, 0, 32;
    %fork TD_ImmGenerator_tb.check_result, S_000001f5c113b240;
    %join;
    %pushi/vec4 1, 0, 3;
    %store/vec4 v000001f5c1141980_0, 0, 3;
    %pushi/vec4 4275514403, 0, 32;
    %store/vec4 v000001f5c1112de0_0, 0, 32;
    %pushi/vec4 4294967288, 0, 32;
    %store/vec4 v000001f5c1112d40_0, 0, 32;
    %delay 10000, 0;
    %pushi/str "Test 4: S-type negative (imm=-8)";
    %store/str v000001f5c102c4f0_0;
    %load/vec4 v000001f5c1112d40_0;
    %store/vec4 v000001f5c113ae30_0, 0, 32;
    %fork TD_ImmGenerator_tb.check_result, S_000001f5c113b240;
    %join;
    %pushi/vec4 5, 0, 3;
    %store/vec4 v000001f5c1141980_0, 0, 3;
    %pushi/vec4 19432547, 0, 32;
    %store/vec4 v000001f5c1112de0_0, 0, 32;
    %pushi/vec4 8, 0, 32;
    %store/vec4 v000001f5c1112d40_0, 0, 32;
    %delay 10000, 0;
    %pushi/str "Test 5: B-type positive (imm=8)";
    %store/str v000001f5c102c4f0_0;
    %load/vec4 v000001f5c1112d40_0;
    %store/vec4 v000001f5c113ae30_0, 0, 32;
    %fork TD_ImmGenerator_tb.check_result, S_000001f5c113b240;
    %join;
    %pushi/vec4 5, 0, 3;
    %store/vec4 v000001f5c1141980_0, 0, 3;
    %pushi/vec4 4283013347, 0, 32;
    %store/vec4 v000001f5c1112de0_0, 0, 32;
    %pushi/vec4 4294967280, 0, 32;
    %store/vec4 v000001f5c1112d40_0, 0, 32;
    %delay 10000, 0;
    %pushi/str "Test 6: B-type negative (imm=-16)";
    %store/str v000001f5c102c4f0_0;
    %load/vec4 v000001f5c1112d40_0;
    %store/vec4 v000001f5c113ae30_0, 0, 32;
    %fork TD_ImmGenerator_tb.check_result, S_000001f5c113b240;
    %join;
    %pushi/vec4 6, 0, 3;
    %store/vec4 v000001f5c1141980_0, 0, 3;
    %pushi/vec4 20971759, 0, 32;
    %store/vec4 v000001f5c1112de0_0, 0, 32;
    %pushi/vec4 20, 0, 32;
    %store/vec4 v000001f5c1112d40_0, 0, 32;
    %delay 10000, 0;
    %pushi/str "Test 7: J-type positive (imm=20)";
    %store/str v000001f5c102c4f0_0;
    %load/vec4 v000001f5c1112d40_0;
    %store/vec4 v000001f5c113ae30_0, 0, 32;
    %fork TD_ImmGenerator_tb.check_result, S_000001f5c113b240;
    %join;
    %pushi/vec4 6, 0, 3;
    %store/vec4 v000001f5c1141980_0, 0, 3;
    %pushi/vec4 4288671983, 0, 32;
    %store/vec4 v000001f5c1112de0_0, 0, 32;
    %pushi/vec4 4294967288, 0, 32;
    %store/vec4 v000001f5c1112d40_0, 0, 32;
    %delay 10000, 0;
    %pushi/str "Test 8: J-type negative (imm=-8)";
    %store/str v000001f5c102c4f0_0;
    %load/vec4 v000001f5c1112d40_0;
    %store/vec4 v000001f5c113ae30_0, 0, 32;
    %fork TD_ImmGenerator_tb.check_result, S_000001f5c113b240;
    %join;
    %vpi_call/w 3 111 "$display", "========================================" {0 0 0};
    %vpi_call/w 3 112 "$display", "  TEST SUMMARY" {0 0 0};
    %vpi_call/w 3 113 "$display", "========================================" {0 0 0};
    %vpi_call/w 3 114 "$display", "Total tests: %0d", v000001f5c1112e80_0 {0 0 0};
    %load/vec4 v000001f5c1112e80_0;
    %load/vec4 v000001f5c1141ac0_0;
    %sub;
    %vpi_call/w 3 115 "$display", "Passed:      %0d", S<0,vec4,s32> {1 0 0};
    %vpi_call/w 3 116 "$display", "Failed:      %0d", v000001f5c1141ac0_0 {0 0 0};
    %load/vec4 v000001f5c1141ac0_0;
    %cmpi/e 0, 0, 32;
    %jmp/0xz  T_4.0, 4;
    %vpi_call/w 3 119 "$display", "\012 ALL TESTS PASSED!" {0 0 0};
    %jmp T_4.1;
T_4.0 ;
    %vpi_call/w 3 121 "$display", "\012  SOME TESTS FAILED " {0 0 0};
T_4.1 ;
    %vpi_call/w 3 123 "$display", "========================================\012" {0 0 0};
    %vpi_call/w 3 125 "$finish" {0 0 0};
    %end;
    .thread T_4;
# The file index is used to find the file name in the following table.
:file_names 5;
    "N/A";
    "<interactive>";
    "-";
    "tb/ImmGenerator_tb.sv";
    "src/ImmGenerator.sv";
