#! /c/Source/iverilog-install/bin/vvp
:ivl_version "12.0 (devel)" "(s20150603-1539-g2693dd32b)";
:ivl_delay_selection "TYPICAL";
:vpi_time_precision + 0;
:vpi_module "C:\iverilog\lib\ivl\system.vpi";
:vpi_module "C:\iverilog\lib\ivl\vhdl_sys.vpi";
:vpi_module "C:\iverilog\lib\ivl\vhdl_textio.vpi";
:vpi_module "C:\iverilog\lib\ivl\v2005_math.vpi";
:vpi_module "C:\iverilog\lib\ivl\va_math.vpi";
:vpi_module "C:\iverilog\lib\ivl\v2009.vpi";
S_000001fce84cb290 .scope package, "$unit" "$unit" 2 1;
 .timescale 0 0;
S_000001fce858b620 .scope module, "ProgramCounter_tb" "ProgramCounter_tb" 3 1;
 .timescale 0 0;
v000001fce84a72d0_0 .var/s "PCIn", 31 0;
v000001fce84a7370_0 .net/s "PCOut", 31 0, L_000001fce84c4490;  1 drivers
v000001fce84ae410_0 .var "PCWr", 0 0;
v000001fce84ae4b0_0 .var "clk", 0 0;
v000001fce84a8560_0 .var/i "errors", 31 0;
v000001fce84a8600_0 .var/i "tests", 31 0;
S_000001fce84ca360 .scope task, "check_pc" "check_pc" 3 42, 3 42 0, S_000001fce858b620;
 .timescale 0 0;
v000001fce84ad320_0 .var "expected", 31 0;
v000001fce84c6f00_0 .var/str "test_name";
TD_ProgramCounter_tb.check_pc ;
    ; show_stmt_assign_vector: Get l-value for compressed += operand
    %load/vec4 v000001fce84a8600_0;
    %pushi/vec4 1, 0, 32;
    %add;
    %store/vec4 v000001fce84a8600_0, 0, 32;
    %vpi_call/w 3 44 "$display", "Test: %s", v000001fce84c6f00_0 {0 0 0};
    %vpi_call/w 3 45 "$display", "  Esperado = 0x%h (%b)", v000001fce84ad320_0, v000001fce84ad320_0 {0 0 0};
    %vpi_call/w 3 46 "$display", "  Obtenido = 0x%h (%b)", v000001fce84a7370_0, v000001fce84a7370_0 {0 0 0};
    %load/vec4 v000001fce84a7370_0;
    %load/vec4 v000001fce84ad320_0;
    %cmp/ne;
    %jmp/0xz  T_0.0, 6;
    %vpi_call/w 3 48 "$display", "  ERROR: No coincide" {0 0 0};
    ; show_stmt_assign_vector: Get l-value for compressed += operand
    %load/vec4 v000001fce84a8560_0;
    %pushi/vec4 1, 0, 32;
    %add;
    %store/vec4 v000001fce84a8560_0, 0, 32;
    %jmp T_0.1;
T_0.0 ;
    %vpi_call/w 3 51 "$display", "  OK" {0 0 0};
T_0.1 ;
    %vpi_call/w 3 53 "$display", "\000" {0 0 0};
    %end;
S_000001fce84ca4f0 .scope module, "dut" "ProgramCounter" 3 9, 4 1 0, S_000001fce858b620;
 .timescale 0 0;
    .port_info 0 /INPUT 1 "clk";
    .port_info 1 /INPUT 1 "PCWr";
    .port_info 2 /INPUT 32 "PCIn";
    .port_info 3 /OUTPUT 32 "PCOut";
L_000001fce84c4490 .functor BUFZ 32, v000001fce858b7b0_0, C4<00000000000000000000000000000000>, C4<00000000000000000000000000000000>, C4<00000000000000000000000000000000>;
v000001fce84b32f0_0 .net/s "PCIn", 31 0, v000001fce84a72d0_0;  1 drivers
v000001fce84a7b80_0 .net/s "PCOut", 31 0, L_000001fce84c4490;  alias, 1 drivers
v000001fce84b40a0_0 .net "PCWr", 0 0, v000001fce84ae410_0;  1 drivers
v000001fce84a9740_0 .net "clk", 0 0, v000001fce84ae4b0_0;  1 drivers
v000001fce858b7b0_0 .var/s "pc_reg", 31 0;
E_000001fce84c8d20 .event posedge, v000001fce84a9740_0;
S_000001fce8482d20 .scope task, "write_pc" "write_pc" 3 33, 3 33 0, S_000001fce858b620;
 .timescale 0 0;
v000001fce858b850_0 .var "value", 31 0;
TD_ProgramCounter_tb.write_pc ;
    %wait E_000001fce84c8d20;
    %load/vec4 v000001fce858b850_0;
    %store/vec4 v000001fce84a72d0_0, 0, 32;
    %pushi/vec4 1, 0, 1;
    %store/vec4 v000001fce84ae410_0, 0, 1;
    %wait E_000001fce84c8d20;
    %delay 1, 0;
    %end;
    .scope S_000001fce84ca4f0;
T_2 ;
    %pushi/vec4 0, 0, 32;
    %store/vec4 v000001fce858b7b0_0, 0, 32;
    %end;
    .thread T_2, $init;
    .scope S_000001fce84ca4f0;
T_3 ;
    %wait E_000001fce84c8d20;
    %load/vec4 v000001fce84b40a0_0;
    %flag_set/vec4 8;
    %jmp/0xz  T_3.0, 8;
    %load/vec4 v000001fce84b32f0_0;
    %assign/vec4 v000001fce858b7b0_0, 0;
T_3.0 ;
    %jmp T_3;
    .thread T_3;
    .scope S_000001fce858b620;
T_4 ;
    %pushi/vec4 0, 0, 32;
    %store/vec4 v000001fce84a8560_0, 0, 32;
    %pushi/vec4 0, 0, 32;
    %store/vec4 v000001fce84a8600_0, 0, 32;
    %end;
    .thread T_4, $init;
    .scope S_000001fce858b620;
T_5 ;
    %pushi/vec4 0, 0, 1;
    %store/vec4 v000001fce84ae4b0_0, 0, 1;
T_5.0 ;
    %delay 5, 0;
    %load/vec4 v000001fce84ae4b0_0;
    %inv;
    %store/vec4 v000001fce84ae4b0_0, 0, 1;
    %jmp T_5.0;
    %end;
    .thread T_5;
    .scope S_000001fce858b620;
T_6 ;
    %vpi_call/w 3 28 "$dumpfile", "sim/ProgramCounter_tb.vcd" {0 0 0};
    %vpi_call/w 3 29 "$dumpvars", 32'sb00000000000000000000000000000000, S_000001fce858b620 {0 0 0};
    %end;
    .thread T_6;
    .scope S_000001fce858b620;
T_7 ;
    %pushi/vec4 0, 0, 1;
    %store/vec4 v000001fce84ae410_0, 0, 1;
    %pushi/vec4 0, 0, 32;
    %store/vec4 v000001fce84a72d0_0, 0, 32;
    %vpi_call/w 3 62 "$display", "========================================" {0 0 0};
    %vpi_call/w 3 63 "$display", "=== Iniciando simulacion ProgramCounter ===" {0 0 0};
    %vpi_call/w 3 64 "$display", "========================================\012" {0 0 0};
    %pushi/vec4 2, 0, 32;
T_7.0 %dup/vec4;
    %pushi/vec4 0, 0, 32;
    %cmp/s;
    %jmp/1xz T_7.1, 5;
    %jmp/1 T_7.1, 4;
    %pushi/vec4 1, 0, 32;
    %sub;
    %wait E_000001fce84c8d20;
    %jmp T_7.0;
T_7.1 ;
    %pop/vec4 1;
    %vpi_call/w 3 70 "$display", "========== Test 1: Verificar inicializacion ==========" {0 0 0};
    %pushi/vec4 0, 0, 32;
    %store/vec4 v000001fce84ad320_0, 0, 32;
    %pushi/str "PC inicial debe ser 0";
    %store/str v000001fce84c6f00_0;
    %fork TD_ProgramCounter_tb.check_pc, S_000001fce84ca360;
    %join;
    %vpi_call/w 3 74 "$display", "========== Test 2: Escribir primera direccion ==========" {0 0 0};
    %pushi/vec4 4, 0, 32;
    %store/vec4 v000001fce858b850_0, 0, 32;
    %fork TD_ProgramCounter_tb.write_pc, S_000001fce8482d20;
    %join;
    %pushi/vec4 0, 0, 1;
    %store/vec4 v000001fce84ae410_0, 0, 1;
    %pushi/vec4 4, 0, 32;
    %store/vec4 v000001fce84ad320_0, 0, 32;
    %pushi/str "PC = 0x00000004";
    %store/str v000001fce84c6f00_0;
    %fork TD_ProgramCounter_tb.check_pc, S_000001fce84ca360;
    %join;
    %vpi_call/w 3 80 "$display", "========== Test 3: Incremento tipico PC +4 ==========" {0 0 0};
    %pushi/vec4 8, 0, 32;
    %store/vec4 v000001fce858b850_0, 0, 32;
    %fork TD_ProgramCounter_tb.write_pc, S_000001fce8482d20;
    %join;
    %pushi/vec4 0, 0, 1;
    %store/vec4 v000001fce84ae410_0, 0, 1;
    %pushi/vec4 8, 0, 32;
    %store/vec4 v000001fce84ad320_0, 0, 32;
    %pushi/str "PC = 0x00000008";
    %store/str v000001fce84c6f00_0;
    %fork TD_ProgramCounter_tb.check_pc, S_000001fce84ca360;
    %join;
    %pushi/vec4 12, 0, 32;
    %store/vec4 v000001fce858b850_0, 0, 32;
    %fork TD_ProgramCounter_tb.write_pc, S_000001fce8482d20;
    %join;
    %pushi/vec4 0, 0, 1;
    %store/vec4 v000001fce84ae410_0, 0, 1;
    %pushi/vec4 12, 0, 32;
    %store/vec4 v000001fce84ad320_0, 0, 32;
    %pushi/str "PC = 0x0000000C";
    %store/str v000001fce84c6f00_0;
    %fork TD_ProgramCounter_tb.check_pc, S_000001fce84ca360;
    %join;
    %vpi_call/w 3 90 "$display", "========== Test 4: PC no cambia sin PCWr ==========" {0 0 0};
    %wait E_000001fce84c8d20;
    %pushi/vec4 3735928559, 0, 32;
    %store/vec4 v000001fce84a72d0_0, 0, 32;
    %pushi/vec4 0, 0, 1;
    %store/vec4 v000001fce84ae410_0, 0, 1;
    %wait E_000001fce84c8d20;
    %delay 1, 0;
    %pushi/vec4 12, 0, 32;
    %store/vec4 v000001fce84ad320_0, 0, 32;
    %pushi/str "PC debe mantener valor anterior";
    %store/str v000001fce84c6f00_0;
    %fork TD_ProgramCounter_tb.check_pc, S_000001fce84ca360;
    %join;
    %vpi_call/w 3 99 "$display", "========== Test 5: Salto a direccion arbitraria ==========" {0 0 0};
    %pushi/vec4 4096, 0, 32;
    %store/vec4 v000001fce858b850_0, 0, 32;
    %fork TD_ProgramCounter_tb.write_pc, S_000001fce8482d20;
    %join;
    %pushi/vec4 0, 0, 1;
    %store/vec4 v000001fce84ae410_0, 0, 1;
    %pushi/vec4 4096, 0, 32;
    %store/vec4 v000001fce84ad320_0, 0, 32;
    %pushi/str "PC = 0x00001000";
    %store/str v000001fce84c6f00_0;
    %fork TD_ProgramCounter_tb.check_pc, S_000001fce84ca360;
    %join;
    %vpi_call/w 3 105 "$display", "========== Test 6: Salto hacia atras ==========" {0 0 0};
    %pushi/vec4 256, 0, 32;
    %store/vec4 v000001fce858b850_0, 0, 32;
    %fork TD_ProgramCounter_tb.write_pc, S_000001fce8482d20;
    %join;
    %pushi/vec4 0, 0, 1;
    %store/vec4 v000001fce84ae410_0, 0, 1;
    %pushi/vec4 256, 0, 32;
    %store/vec4 v000001fce84ad320_0, 0, 32;
    %pushi/str "PC = 0x00000100";
    %store/str v000001fce84c6f00_0;
    %fork TD_ProgramCounter_tb.check_pc, S_000001fce84ca360;
    %join;
    %vpi_call/w 3 111 "$display", "========== Test 7: Mantener PC sin cambios ==========" {0 0 0};
    %pushi/vec4 0, 0, 1;
    %store/vec4 v000001fce84ae410_0, 0, 1;
    %pushi/vec4 5, 0, 32;
T_7.2 %dup/vec4;
    %pushi/vec4 0, 0, 32;
    %cmp/s;
    %jmp/1xz T_7.3, 5;
    %jmp/1 T_7.3, 4;
    %pushi/vec4 1, 0, 32;
    %sub;
    %wait E_000001fce84c8d20;
    %jmp T_7.2;
T_7.3 ;
    %pop/vec4 1;
    %delay 1, 0;
    %pushi/vec4 256, 0, 32;
    %store/vec4 v000001fce84ad320_0, 0, 32;
    %pushi/str "PC debe mantenerse en 0x00000100";
    %store/str v000001fce84c6f00_0;
    %fork TD_ProgramCounter_tb.check_pc, S_000001fce84ca360;
    %join;
    %vpi_call/w 3 118 "$display", "========== Test 8: Secuencia de saltos rapidos ==========" {0 0 0};
    %pushi/vec4 8192, 0, 32;
    %store/vec4 v000001fce858b850_0, 0, 32;
    %fork TD_ProgramCounter_tb.write_pc, S_000001fce8482d20;
    %join;
    %pushi/vec4 0, 0, 1;
    %store/vec4 v000001fce84ae410_0, 0, 1;
    %pushi/vec4 8192, 0, 32;
    %store/vec4 v000001fce84ad320_0, 0, 32;
    %pushi/str "PC = 0x00002000";
    %store/str v000001fce84c6f00_0;
    %fork TD_ProgramCounter_tb.check_pc, S_000001fce84ca360;
    %join;
    %pushi/vec4 12288, 0, 32;
    %store/vec4 v000001fce858b850_0, 0, 32;
    %fork TD_ProgramCounter_tb.write_pc, S_000001fce8482d20;
    %join;
    %pushi/vec4 0, 0, 1;
    %store/vec4 v000001fce84ae410_0, 0, 1;
    %pushi/vec4 12288, 0, 32;
    %store/vec4 v000001fce84ad320_0, 0, 32;
    %pushi/str "PC = 0x00003000";
    %store/str v000001fce84c6f00_0;
    %fork TD_ProgramCounter_tb.check_pc, S_000001fce84ca360;
    %join;
    %pushi/vec4 16384, 0, 32;
    %store/vec4 v000001fce858b850_0, 0, 32;
    %fork TD_ProgramCounter_tb.write_pc, S_000001fce8482d20;
    %join;
    %pushi/vec4 0, 0, 1;
    %store/vec4 v000001fce84ae410_0, 0, 1;
    %pushi/vec4 16384, 0, 32;
    %store/vec4 v000001fce84ad320_0, 0, 32;
    %pushi/str "PC = 0x00004000";
    %store/str v000001fce84c6f00_0;
    %fork TD_ProgramCounter_tb.check_pc, S_000001fce84ca360;
    %join;
    %vpi_call/w 3 132 "$display", "========== Test 9: PCWr mantenido activo ==========" {0 0 0};
    %wait E_000001fce84c8d20;
    %pushi/vec4 20480, 0, 32;
    %store/vec4 v000001fce84a72d0_0, 0, 32;
    %pushi/vec4 1, 0, 1;
    %store/vec4 v000001fce84ae410_0, 0, 1;
    %wait E_000001fce84c8d20;
    %pushi/vec4 24576, 0, 32;
    %store/vec4 v000001fce84a72d0_0, 0, 32;
    %wait E_000001fce84c8d20;
    %delay 1, 0;
    %pushi/vec4 0, 0, 1;
    %store/vec4 v000001fce84ae410_0, 0, 1;
    %pushi/vec4 24576, 0, 32;
    %store/vec4 v000001fce84ad320_0, 0, 32;
    %pushi/str "PC debe actualizar a ultimo valor";
    %store/str v000001fce84c6f00_0;
    %fork TD_ProgramCounter_tb.check_pc, S_000001fce84ca360;
    %join;
    %vpi_call/w 3 145 "$display", "========== Test 10: Reset a direccion 0 ==========" {0 0 0};
    %pushi/vec4 0, 0, 32;
    %store/vec4 v000001fce858b850_0, 0, 32;
    %fork TD_ProgramCounter_tb.write_pc, S_000001fce8482d20;
    %join;
    %pushi/vec4 0, 0, 1;
    %store/vec4 v000001fce84ae410_0, 0, 1;
    %pushi/vec4 0, 0, 32;
    %store/vec4 v000001fce84ad320_0, 0, 32;
    %pushi/str "PC = 0x00000000";
    %store/str v000001fce84c6f00_0;
    %fork TD_ProgramCounter_tb.check_pc, S_000001fce84ca360;
    %join;
    %vpi_call/w 3 151 "$display", "========== Test 11: Valores grandes ==========" {0 0 0};
    %pushi/vec4 4294967292, 0, 32;
    %store/vec4 v000001fce858b850_0, 0, 32;
    %fork TD_ProgramCounter_tb.write_pc, S_000001fce8482d20;
    %join;
    %pushi/vec4 0, 0, 1;
    %store/vec4 v000001fce84ae410_0, 0, 1;
    %pushi/vec4 4294967292, 0, 32;
    %store/vec4 v000001fce84ad320_0, 0, 32;
    %pushi/str "PC = 0xFFFFFFFC";
    %store/str v000001fce84c6f00_0;
    %fork TD_ProgramCounter_tb.check_pc, S_000001fce84ca360;
    %join;
    %vpi_call/w 3 157 "$display", "========== Test 12: Simulacion de bucle ==========" {0 0 0};
    %pushi/vec4 512, 0, 32;
    %store/vec4 v000001fce858b850_0, 0, 32;
    %fork TD_ProgramCounter_tb.write_pc, S_000001fce8482d20;
    %join;
    %pushi/vec4 0, 0, 1;
    %store/vec4 v000001fce84ae410_0, 0, 1;
    %pushi/vec4 512, 0, 32;
    %store/vec4 v000001fce84ad320_0, 0, 32;
    %pushi/str "PC = 0x00000200";
    %store/str v000001fce84c6f00_0;
    %fork TD_ProgramCounter_tb.check_pc, S_000001fce84ca360;
    %join;
    %pushi/vec4 516, 0, 32;
    %store/vec4 v000001fce858b850_0, 0, 32;
    %fork TD_ProgramCounter_tb.write_pc, S_000001fce8482d20;
    %join;
    %pushi/vec4 0, 0, 1;
    %store/vec4 v000001fce84ae410_0, 0, 1;
    %pushi/vec4 516, 0, 32;
    %store/vec4 v000001fce84ad320_0, 0, 32;
    %pushi/str "PC = 0x00000204";
    %store/str v000001fce84c6f00_0;
    %fork TD_ProgramCounter_tb.check_pc, S_000001fce84ca360;
    %join;
    %pushi/vec4 520, 0, 32;
    %store/vec4 v000001fce858b850_0, 0, 32;
    %fork TD_ProgramCounter_tb.write_pc, S_000001fce8482d20;
    %join;
    %pushi/vec4 0, 0, 1;
    %store/vec4 v000001fce84ae410_0, 0, 1;
    %pushi/vec4 520, 0, 32;
    %store/vec4 v000001fce84ad320_0, 0, 32;
    %pushi/str "PC = 0x00000208";
    %store/str v000001fce84c6f00_0;
    %fork TD_ProgramCounter_tb.check_pc, S_000001fce84ca360;
    %join;
    %pushi/vec4 512, 0, 32;
    %store/vec4 v000001fce858b850_0, 0, 32;
    %fork TD_ProgramCounter_tb.write_pc, S_000001fce8482d20;
    %join;
    %pushi/vec4 0, 0, 1;
    %store/vec4 v000001fce84ae410_0, 0, 1;
    %pushi/vec4 512, 0, 32;
    %store/vec4 v000001fce84ad320_0, 0, 32;
    %pushi/str "PC = 0x00000200 (vuelta al inicio)";
    %store/str v000001fce84c6f00_0;
    %fork TD_ProgramCounter_tb.check_pc, S_000001fce84ca360;
    %join;
    %vpi_call/w 3 175 "$display", "========================================" {0 0 0};
    %vpi_call/w 3 176 "$display", "=== Resumen de la simulacion ===" {0 0 0};
    %vpi_call/w 3 177 "$display", "Tests ejecutados: %0d", v000001fce84a8600_0 {0 0 0};
    %load/vec4 v000001fce84a8600_0;
    %load/vec4 v000001fce84a8560_0;
    %sub;
    %vpi_call/w 3 178 "$display", "Tests exitosos: %0d", S<0,vec4,s32> {1 0 0};
    %vpi_call/w 3 179 "$display", "Errores: %0d", v000001fce84a8560_0 {0 0 0};
    %vpi_call/w 3 180 "$display", "========================================" {0 0 0};
    %load/vec4 v000001fce84a8560_0;
    %cmpi/e 0, 0, 32;
    %jmp/0xz  T_7.4, 4;
    %vpi_call/w 3 183 "$display", "Todos los tests pasaron exitosamente" {0 0 0};
    %jmp T_7.5;
T_7.4 ;
    %vpi_call/w 3 185 "$display", "Se encontraron %0d errores", v000001fce84a8560_0 {0 0 0};
T_7.5 ;
    %pushi/vec4 3, 0, 32;
T_7.6 %dup/vec4;
    %pushi/vec4 0, 0, 32;
    %cmp/s;
    %jmp/1xz T_7.7, 5;
    %jmp/1 T_7.7, 4;
    %pushi/vec4 1, 0, 32;
    %sub;
    %wait E_000001fce84c8d20;
    %jmp T_7.6;
T_7.7 ;
    %pop/vec4 1;
    %vpi_call/w 3 189 "$finish" {0 0 0};
    %end;
    .thread T_7;
# The file index is used to find the file name in the following table.
:file_names 5;
    "N/A";
    "<interactive>";
    "-";
    "tb/ProgramCounter_tb.sv";
    "src/ProgramCounter.sv";
